<?xml version="1.0" encoding="UTF-8" standalone="no"?>
<testsuite failures="1" name="cucumber.runtime.formatter.JUnitFormatter" skipped="0" tests="4" time="86.972462">
<testcase classname="Registration" name="Login" time="16.909922">
<system-out><![CDATA[Given I navigate to the homepage on Mozilla.................................passed
When I click on JoinNow Button..............................................passed
Then I should navigate  to Registration page................................passed
]]></system-out>
</testcase>
<testcase classname="Login" name="Login" time="16.531164">
<system-out><![CDATA[Given I navigate to the homepage on Mozilla.................................passed
When I enter Username as "solomon2014"......................................passed
And I enter Password as "London01"..........................................passed
And I click on SignIn button................................................passed
Then I should see username as "SOLOMON2014" present.........................passed
And I should see AccountBlance present......................................passed
And I should see Depositbutton present......................................passed
And I should see AccountMenu_...............................................passed
]]></system-out>
</testcase>
<testcase classname="Registration" name="Registration" time="28.19758">
<failure message="org.openqa.selenium.NoSuchElementException: Unable to locate element: {&quot;method&quot;:&quot;css selector&quot;,&quot;selector&quot;:&quot;h1.welcome_header&quot;}&#10;Command duration or timeout: 5.02 seconds&#10;For documentation on this error, please visit: http://seleniumhq.org/exceptions/no_such_element.html&#10;Build info: version: '2.53.0', revision: '35ae25b1534ae328c771e0856c93e187490ca824', time: '2016-03-15 10:43:46'&#10;System info: host: 'NP-SADEKUNLE', ip: '10.44.3.81', os.name: 'Windows 10', os.arch: 'amd64', os.version: '10.0', java.version: '1.8.0_102'&#10;Driver info: org.openqa.selenium.firefox.FirefoxDriver&#10;Capabilities [{applicationCacheEnabled=true, rotatable=false, handlesAlerts=true, databaseEnabled=true, version=46.0, platform=WINDOWS, nativeEvents=false, acceptSslCerts=true, webStorageEnabled=true, locationContextEnabled=true, browserName=firefox, takesScreenshot=true, javascriptEnabled=true, cssSelectorsEnabled=true}]&#10;Session ID: f838118c-9e5d-4729-be73-728e8b7ba1bb&#10;*** Element info: {Using=css selector, value=h1.welcome_header}&#13;&#10;&#9;at sun.reflect.NativeConstructorAccessorImpl.newInstance0(Native Method)&#13;&#10;&#9;at sun.reflect.NativeConstructorAccessorImpl.newInstance(NativeConstructorAccessorImpl.java:62)&#13;&#10;&#9;at sun.reflect.DelegatingConstructorAccessorImpl.newInstance(DelegatingConstructorAccessorImpl.java:45)&#13;&#10;&#9;at java.lang.reflect.Constructor.newInstance(Constructor.java:423)&#13;&#10;&#9;at org.openqa.selenium.remote.ErrorHandler.createThrowable(ErrorHandler.java:206)&#13;&#10;&#9;at org.openqa.selenium.remote.ErrorHandler.throwIfResponseFailed(ErrorHandler.java:158)&#13;&#10;&#9;at org.openqa.selenium.remote.RemoteWebDriver.execute(RemoteWebDriver.java:678)&#13;&#10;&#9;at org.openqa.selenium.remote.RemoteWebDriver.findElement(RemoteWebDriver.java:363)&#13;&#10;&#9;at org.openqa.selenium.remote.RemoteWebDriver.findElementByCssSelector(RemoteWebDriver.java:492)&#13;&#10;&#9;at org.openqa.selenium.By$ByCssSelector.findElement(By.java:430)&#13;&#10;&#9;at org.openqa.selenium.remote.RemoteWebDriver.findElement(RemoteWebDriver.java:355)&#13;&#10;&#9;at pages.RegisterPage.getWelcomePage(RegisterPage.java:155)&#13;&#10;&#9;at com.Suite.StepDefinition.i_should_navigate_to_welcome_page(StepDefinition.java:280)&#13;&#10;&#9;at ✽.Then I should navigate &quot;failure&quot; to welcome page.(main/resources/com/Suite/Register.feature:26)&#13;&#10;Caused by: org.openqa.selenium.NoSuchElementException: Unable to locate element: {&quot;method&quot;:&quot;css selector&quot;,&quot;selector&quot;:&quot;h1.welcome_header&quot;}&#10;For documentation on this error, please visit: http://seleniumhq.org/exceptions/no_such_element.html&#10;Build info: version: '2.53.0', revision: '35ae25b1534ae328c771e0856c93e187490ca824', time: '2016-03-15 10:43:46'&#10;System info: host: 'NP-SADEKUNLE', ip: '10.44.3.81', os.name: 'Windows 10', os.arch: 'amd64', os.version: '10.0', java.version: '1.8.0_102'&#10;Driver info: driver.version: unknown&#13;&#10;&#9;at &lt;anonymous class&gt;.FirefoxDriver.prototype.findElementInternal_(file:///C:/Users/SOLOMO~1.ADE/AppData/Local/Temp/anonymous3930794475659711630webdriver-profile/extensions/fxdriver@googlecode.com/components/driver-component.js:10770)&#13;&#10;&#9;at &lt;anonymous class&gt;.fxdriver.Timer.prototype.setTimeout/&lt;.notify(file:///C:/Users/SOLOMO~1.ADE/AppData/Local/Temp/anonymous3930794475659711630webdriver-profile/extensions/fxdriver@googlecode.com/components/driver-component.js:625)&#13;&#10;"><![CDATA[Given I navigate to the Registrationpage on Mozilla.........................passed
When I enter regUsername as "Cucumber109"...................................passed
And I enter RegPassword as "Bola123"........................................passed
And I enter RegConfirmPassword as "Bola123".................................passed
And I enter a RegScreenName as "huyasig12qaz"...............................passed
And I enter RegEmail as "test@playtech.com".................................passed
And I enter RegTitle as "Ms"................................................passed
And I enter RegFirstName as "tolu"..........................................passed
And I enter RegSurName as "lawal"...........................................passed
And I enter RegDOBDay as "06"...............................................passed
And I enter RegDOBMonth as "OCT"............................................passed
And I enter RegDOBYear as "1982"............................................passed
And I click on RegClickHere.................................................passed
And I enter RegAddress as "6 goodhew Road"..................................passed
And I enter RegTown as "Croydon"............................................passed
And I enter RegCounty as "surrey"...........................................passed
And I enter RegPostCode as "CR0 6JX"........................................passed
And I enter RegContactNum as "020700070100".................................passed
And I click on RegT$CCheckBox...............................................passed
And I click on RegSubmitButton..............................................passed
Then I should navigate "failure" to welcome page............................failed

StackTrace:
org.openqa.selenium.NoSuchElementException: Unable to locate element: {"method":"css selector","selector":"h1.welcome_header"}
Command duration or timeout: 5.02 seconds
For documentation on this error, please visit: http://seleniumhq.org/exceptions/no_such_element.html
Build info: version: '2.53.0', revision: '35ae25b1534ae328c771e0856c93e187490ca824', time: '2016-03-15 10:43:46'
System info: host: 'NP-SADEKUNLE', ip: '10.44.3.81', os.name: 'Windows 10', os.arch: 'amd64', os.version: '10.0', java.version: '1.8.0_102'
Driver info: org.openqa.selenium.firefox.FirefoxDriver
Capabilities [{applicationCacheEnabled=true, rotatable=false, handlesAlerts=true, databaseEnabled=true, version=46.0, platform=WINDOWS, nativeEvents=false, acceptSslCerts=true, webStorageEnabled=true, locationContextEnabled=true, browserName=firefox, takesScreenshot=true, javascriptEnabled=true, cssSelectorsEnabled=true}]
Session ID: f838118c-9e5d-4729-be73-728e8b7ba1bb
*** Element info: {Using=css selector, value=h1.welcome_header}
	at sun.reflect.NativeConstructorAccessorImpl.newInstance0(Native Method)
	at sun.reflect.NativeConstructorAccessorImpl.newInstance(NativeConstructorAccessorImpl.java:62)
	at sun.reflect.DelegatingConstructorAccessorImpl.newInstance(DelegatingConstructorAccessorImpl.java:45)
	at java.lang.reflect.Constructor.newInstance(Constructor.java:423)
	at org.openqa.selenium.remote.ErrorHandler.createThrowable(ErrorHandler.java:206)
	at org.openqa.selenium.remote.ErrorHandler.throwIfResponseFailed(ErrorHandler.java:158)
	at org.openqa.selenium.remote.RemoteWebDriver.execute(RemoteWebDriver.java:678)
	at org.openqa.selenium.remote.RemoteWebDriver.findElement(RemoteWebDriver.java:363)
	at org.openqa.selenium.remote.RemoteWebDriver.findElementByCssSelector(RemoteWebDriver.java:492)
	at org.openqa.selenium.By$ByCssSelector.findElement(By.java:430)
	at org.openqa.selenium.remote.RemoteWebDriver.findElement(RemoteWebDriver.java:355)
	at pages.RegisterPage.getWelcomePage(RegisterPage.java:155)
	at com.Suite.StepDefinition.i_should_navigate_to_welcome_page(StepDefinition.java:280)
	at ✽.Then I should navigate "failure" to welcome page.(main/resources/com/Suite/Register.feature:26)
Caused by: org.openqa.selenium.NoSuchElementException: Unable to locate element: {"method":"css selector","selector":"h1.welcome_header"}
For documentation on this error, please visit: http://seleniumhq.org/exceptions/no_such_element.html
Build info: version: '2.53.0', revision: '35ae25b1534ae328c771e0856c93e187490ca824', time: '2016-03-15 10:43:46'
System info: host: 'NP-SADEKUNLE', ip: '10.44.3.81', os.name: 'Windows 10', os.arch: 'amd64', os.version: '10.0', java.version: '1.8.0_102'
Driver info: driver.version: unknown
	at <anonymous class>.FirefoxDriver.prototype.findElementInternal_(file:///C:/Users/SOLOMO~1.ADE/AppData/Local/Temp/anonymous3930794475659711630webdriver-profile/extensions/fxdriver@googlecode.com/components/driver-component.js:10770)
	at <anonymous class>.fxdriver.Timer.prototype.setTimeout/<.notify(file:///C:/Users/SOLOMO~1.ADE/AppData/Local/Temp/anonymous3930794475659711630webdriver-profile/extensions/fxdriver@googlecode.com/components/driver-component.js:625)
]]></failure>
</testcase>
<testcase classname="Registration" name="Registration_2" time="25.333796">
<system-out><![CDATA[Given I navigate to the Registrationpage on Mozilla.........................passed
When I enter regUsername as "{generator}"...................................passed
And I enter RegPassword as "Bola123"........................................passed
And I enter RegConfirmPassword as "Bola123".................................passed
And I enter a RegScreenName as "{generator}"................................passed
And I enter RegEmail as "test@playtech.com".................................passed
And I enter RegTitle as "Ms"................................................passed
And I enter RegFirstName as "tolu"..........................................passed
And I enter RegSurName as "lawal"...........................................passed
And I enter RegDOBDay as "06"...............................................passed
And I enter RegDOBMonth as "OCT"............................................passed
And I enter RegDOBYear as "1982"............................................passed
And I click on RegClickHere.................................................passed
And I enter RegAddress as "6 goodhew Road"..................................passed
And I enter RegTown as "Croydon"............................................passed
And I enter RegCounty as "surrey"...........................................passed
And I enter RegPostCode as "CR0 6JX"........................................passed
And I enter RegContactNum as "020700070100".................................passed
And I click on RegT$CCheckBox...............................................passed
And I click on RegSubmitButton..............................................passed
Then I should navigate "Successfully" to welcome page.......................passed
]]></system-out>
</testcase>
</testsuite>
